<?xml version="1.0" encoding="UTF-8"?>
<testsuite xmlns:xsi="http://www.w3.org/2001/XMLSchema-instance" xsi:noNamespaceSchemaLocation="https://maven.apache.org/surefire/maven-surefire-plugin/xsd/surefire-test-report-3.0.xsd" version="3.0" name="com.tallerwebi.infraestructura.RepositorioMaterialImplTest" time="0.081" tests="8" errors="0" skipped="0" failures="0">
  <properties>
[...]
</properties>
  <testcase name="dadoQueGuardoVariosMaterialesEntoncesPuedoBuscarlosTodos" classname="com.tallerwebi.infraestructura.RepositorioMaterialImplTest" time="0.02">
    <system-out><![CDATA[Hibernate: 
    insert 
    into
        Material
        (id, cantidad, nombre, unidad) 
    values
        (default, ?, ?, ?)
Hibernate: 
    insert 
    into
        Material
        (id, cantidad, nombre, unidad) 
    values
        (default, ?, ?, ?)
Hibernate: 
    select
        material0_.id as id1_1_,
        material0_.cantidad as cantidad2_1_,
        material0_.nombre as nombre3_1_,
        material0_.unidad as unidad4_1_ 
    from
        Material material0_
]]></system-out>
  </testcase>
  <testcase name="dadoQueActualizoUnMaterialEntoncesLosCambiosSeGuardan" classname="com.tallerwebi.infraestructura.RepositorioMaterialImplTest" time="0.013">
    <system-out><![CDATA[Hibernate: 
    insert 
    into
        Material
        (id, cantidad, nombre, unidad) 
    values
        (default, ?, ?, ?)
Hibernate: 
    select
        material0_.id as id1_1_,
        material0_.cantidad as cantidad2_1_,
        material0_.nombre as nombre3_1_,
        material0_.unidad as unidad4_1_ 
    from
        Material material0_ 
    where
        material0_.nombre=?
Hibernate: 
    update
        Material 
    set
        cantidad=?,
        nombre=?,
        unidad=? 
    where
        id=?
Hibernate: 
    select
        material0_.id as id1_1_,
        material0_.cantidad as cantidad2_1_,
        material0_.nombre as nombre3_1_,
        material0_.unidad as unidad4_1_ 
    from
        Material material0_ 
    where
        material0_.nombre=?
]]></system-out>
  </testcase>
  <testcase name="dadoQueGuardoUnMaterialConUnidadNulaEntoncesFalla" classname="com.tallerwebi.infraestructura.RepositorioMaterialImplTest" time="0.006"/>
  <testcase name="dadoQueBuscoMaterialesPorUnidadEntoncesObtengoLosCorrectos" classname="com.tallerwebi.infraestructura.RepositorioMaterialImplTest" time="0.004">
    <system-out><![CDATA[Hibernate: 
    insert 
    into
        Material
        (id, cantidad, nombre, unidad) 
    values
        (default, ?, ?, ?)
Hibernate: 
    insert 
    into
        Material
        (id, cantidad, nombre, unidad) 
    values
        (default, ?, ?, ?)
Hibernate: 
    select
        material0_.id as id1_1_,
        material0_.cantidad as cantidad2_1_,
        material0_.nombre as nombre3_1_,
        material0_.unidad as unidad4_1_ 
    from
        Material material0_ 
    where
        material0_.unidad=?
]]></system-out>
  </testcase>
  <testcase name="dadoQueEliminoUnMaterialEntoncesYaNoLoEncuentroEnLaBaseDeDatos" classname="com.tallerwebi.infraestructura.RepositorioMaterialImplTest" time="0.011">
    <system-out><![CDATA[Hibernate: 
    insert 
    into
        Material
        (id, cantidad, nombre, unidad) 
    values
        (default, ?, ?, ?)
Hibernate: 
    select
        material0_.id as id1_1_,
        material0_.cantidad as cantidad2_1_,
        material0_.nombre as nombre3_1_,
        material0_.unidad as unidad4_1_ 
    from
        Material material0_ 
    where
        material0_.nombre=?
Hibernate: 
    delete 
    from
        Material 
    where
        id=?
Hibernate: 
    select
        material0_.id as id1_1_,
        material0_.cantidad as cantidad2_1_,
        material0_.nombre as nombre3_1_,
        material0_.unidad as unidad4_1_ 
    from
        Material material0_ 
    where
        material0_.nombre=?
]]></system-out>
  </testcase>
  <testcase name="dadoQueIntentoGuardarMaterialConNombreNuloEntoncesFalla" classname="com.tallerwebi.infraestructura.RepositorioMaterialImplTest" time="0.007"/>
  <testcase name="dadoQueGuardoUnMaterialEntoncesLoEncuentroEnLaBaseDeDatos" classname="com.tallerwebi.infraestructura.RepositorioMaterialImplTest" time="0.004">
    <system-out><![CDATA[Hibernate: 
    insert 
    into
        Material
        (id, cantidad, nombre, unidad) 
    values
        (default, ?, ?, ?)
Hibernate: 
    select
        material0_.id as id1_1_,
        material0_.cantidad as cantidad2_1_,
        material0_.nombre as nombre3_1_,
        material0_.unidad as unidad4_1_ 
    from
        Material material0_ 
    where
        material0_.nombre=?
]]></system-out>
  </testcase>
  <testcase name="dadoQueBuscoUnMaterialInexistenteEntoncesDevuelveNull" classname="com.tallerwebi.infraestructura.RepositorioMaterialImplTest" time="0.002">
    <system-out><![CDATA[Hibernate: 
    select
        material0_.id as id1_1_,
        material0_.cantidad as cantidad2_1_,
        material0_.nombre as nombre3_1_,
        material0_.unidad as unidad4_1_ 
    from
        Material material0_ 
    where
        material0_.nombre=?
]]></system-out>
  </testcase>
</testsuite>